スクリプトは 2014年07月27日 12時50分57秒
 に開始しました]0;kiyotaka@ruby: ~/Projects/HyBLAS/src/tmpkiyotaka@ruby:~/Projects/HyBLAS/src/tmp$ for i in 0 1 2 3 4 5 6 7; do ./dgemm; suudo service lightdm restart; done
128 0.02 0.18 0.35 0.05 0.000000
256 0.01 3.63 0.14 0.97 0.000000
384 0.01 10.08 0.34 1.34 0.000000
512 0.02 11.40 0.34 3.13 0.000000
640 0.02 34.86 0.33 6.41 0.000000
768 0.07 12.17 0.19 18.61 0.000000
896 0.12 11.81 0.33 17.26 0.000000
1024 0.17 12.31 0.20 42.34 0.000000
1152 0.23 13.27 0.34 36.25 0.000000
1280 0.32 13.30 0.38 44.34 0.000000
1408 0.43 13.04 0.39 56.73 0.000000
1536 0.55 13.16 0.25 115.04 0.000000
1664 0.70 13.23 0.45 81.39 0.000000
1792 0.94 12.24 0.47 98.00 0.000000
1920 1.07 13.29 0.49 114.87 0.000000
2048 1.30 13.25 0.54 127.06 0.000000
2176 1.54 13.38 0.57 145.07 0.000000
2304 1.83 13.37 0.65 151.09 0.000000
2432 2.37 12.16 0.53 217.05 0.000000
2560 2.50 13.43 0.75 179.29 0.000000
2688 2.91 13.34 0.62 252.09 0.000000
2816 3.31 13.51 0.90 198.37 0.000000
2944 3.78 13.52 0.73 277.80 0.000000
3072 4.46 13.00 1.21 192.17 0.000000
3200 4.84 13.53 1.04 251.32 0.000000
3328 5.44 13.55 1.29 229.23 0.000000
3456 6.10 13.54 1.33 247.40 0.000000
3584 6.82 13.51 1.46 252.30 0.000000
3712 7.55 13.55 1.62 253.20 0.000000
3840 8.50 13.32 1.71 264.75 0.000000
3968 9.31 13.42 1.78 281.06 0.000000
4096 10.40 13.22 3.14 174.98 0.000000
[sudo] password for kiyotaka: 
lightdm stop/waiting
lightdm start/running, process 26236
128 0.02 0.25 0.35 0.05 0.000000
256 0.02 1.91 0.26 0.52 0.000000
384 0.01 9.04 0.25 1.83 0.000000
512 0.02 14.14 0.36 3.01 0.000000
640 0.05 11.52 0.35 5.93 0.000000
768 0.09 10.24 0.36 10.08 0.000000
896 0.12 11.99 0.25 22.79 0.000000
1024 0.16 13.25 0.27 31.36 0.000000
1152 0.26 11.69 0.16 75.17 0.000000
1280 0.33 12.87 0.23 71.91 0.000000
1408 0.42 13.38 0.39 57.19 0.000000
1536 0.55 13.28 0.41 70.19 0.000000
1664 0.69 13.26 0.45 81.52 0.000000
1792 0.87 13.21 0.39 116.95 0.000000
1920 1.06 13.42 0.29 192.24 0.000000
2048 1.28 13.39 0.69 100.23 0.000000
2176 1.55 13.30 0.37 222.29 0.000000
2304 1.82 13.44 0.65 151.10 0.000000
2432 2.11 13.60 0.66 175.14 0.000000
2560 2.33 14.38 0.70 190.68 0.000000
2688 2.85 13.62 0.78 198.74 0.000000
2816 3.14 14.21 0.70 256.09 0.000000
2944 3.64 14.03 0.71 287.35 0.000000
3072 3.88 14.95 1.19 194.48 0.000000
3200 4.79 13.69 1.09 239.67 0.000000
3328 5.41 13.64 1.19 248.83 0.000000
3456 6.13 13.46 1.32 250.87 0.000000
3584 6.71 13.73 1.61 228.32 0.000000
3712 7.33 13.96 1.62 252.86 0.000000
3840 8.25 13.72 1.69 268.74 0.000000
3968 9.00 13.88 1.70 294.36 0.000000
4096 10.12 13.59 3.30 166.74 0.000000
lightdm stop/waiting
lightdm start/running, process 26646
128 0.02 0.19 0.36 0.05 0.000000
256 0.00 10.91 0.32 0.42 0.000000
384 0.02 7.52 0.33 1.38 0.000000
512 0.04 7.62 0.33 3.27 0.000000
640 0.04 14.91 0.34 6.18 0.000000
768 0.08 10.76 0.31 11.51 0.000000
896 0.11 12.84 0.19 31.05 0.000000
1024 0.16 13.14 0.20 43.30 0.000000
1152 0.23 13.36 0.16 74.42 0.000000
1280 0.33 12.76 0.25 66.00 0.000000
1408 0.44 12.71 0.21 108.72 0.000000
1536 0.54 13.41 0.41 69.88 0.000000
1664 0.70 13.24 0.45 82.51 0.000000
1792 0.87 13.25 0.47 98.22 0.000000
1920 1.07 13.23 0.49 115.27 0.000000
2048 1.31 13.16 0.67 102.84 0.000000
2176 1.55 13.33 0.40 206.91 0.000000
2304 1.84 13.33 0.46 211.55 0.000000
2432 2.15 13.40 0.46 250.68 0.000000
2560 2.54 13.18 0.63 212.53 0.000000
2688 2.88 13.48 0.63 245.38 0.000000
2816 3.34 13.35 0.90 197.83 0.000000
2944 3.79 13.48 0.94 217.70 0.000000
3072 4.28 13.53 1.20 192.90 0.000000
3200 4.96 13.23 0.90 291.33 0.000000
3328 5.45 13.52 1.30 227.08 0.000000
3456 6.13 13.46 1.35 244.17 0.000000
3584 6.47 14.23 1.65 223.77 0.000000
3712 7.54 13.57 1.56 263.08 0.000000
3840 8.41 13.47 1.86 243.41 0.000000
3968 9.22 13.55 1.87 267.08 0.000000
4096 10.37 13.25 3.36 163.64 0.000000
lightdm stop/waiting
lightdm start/running, process 27058
128 0.00 1.45 0.35 0.05 0.000000
256 0.01 5.05 0.23 0.58 0.000000
384 0.01 21.26 0.35 1.30 0.000000
512 0.01 23.94 0.35 3.06 0.000000
640 0.04 13.60 0.36 5.83 0.000000
768 0.08 11.92 0.30 12.27 0.000000
896 0.13 10.89 0.33 17.47 0.000000
1024 0.18 11.80 0.35 24.43 0.000000
1152 0.24 12.85 0.37 33.46 0.000000
1280 0.33 12.64 0.39 43.29 0.000000
1408 0.43 13.02 0.36 61.66 0.000000
1536 0.55 13.12 0.44 66.45 0.000000
1664 0.71 13.06 0.26 140.92 0.000000
1792 0.86 13.33 0.47 97.54 0.000000
1920 1.08 13.14 0.51 111.28 0.000000
2048 1.31 13.11 0.54 126.93 0.000000
2176 1.55 13.28 0.46 178.80 0.000000
2304 1.84 13.32 0.63 155.47 0.000000
2432 2.15 13.41 0.62 185.98 0.000000
2560 2.60 12.92 0.58 233.20 0.000000
2688 2.90 13.41 0.67 232.61 0.000000
2816 3.33 13.40 0.70 254.91 0.000000
2944 3.79 13.46 0.80 256.44 0.000000
3072 4.29 13.51 1.05 221.23 0.000000
3200 4.87 13.45 1.10 237.34 0.000000
3328 5.48 13.45 1.30 227.32 0.000000
3456 6.12 13.49 1.16 285.04 0.000000
3584 6.58 14.00 1.63 226.10 0.000000
3712 7.22 14.17 1.52 268.66 0.000000
3840 8.33 13.59 1.84 246.83 0.000000
3968 8.99 13.90 1.89 264.10 0.000000
4096 9.98 13.77 3.11 176.89 0.000000
lightdm stop/waiting
lightdm start/running, process 27476
128 0.02 0.19 0.32 0.05 0.000000
256 0.01 2.28 0.33 0.40 0.000000
384 0.02 5.57 0.25 1.81 0.000000
512 0.03 8.80 0.32 3.31 0.000000
640 0.05 10.18 0.33 6.32 0.000000
768 0.09 10.02 0.28 13.08 0.000000
896 0.12 12.10 0.15 39.63 0.000000
1024 0.18 11.89 0.35 24.62 0.000000
1152 0.23 13.29 0.26 46.72 0.000000
1280 0.33 12.74 0.34 49.55 0.000000
1408 0.43 13.01 0.39 56.94 0.000000
1536 0.55 13.19 0.42 69.38 0.000000
1664 0.70 13.25 0.30 122.06 0.000000
1792 0.77 14.94 0.45 102.00 0.000000
1920 1.06 13.33 0.49 115.35 0.000000
2048 1.30 13.19 0.69 99.28 0.000000
2176 1.54 13.38 0.42 198.47 0.000000
2304 1.91 12.81 0.65 150.54 0.000000
2432 2.22 12.98 0.66 174.90 0.000000
2560 2.49 13.49 0.75 179.01 0.000000
2688 2.90 13.38 0.58 265.88 0.000000
2816 3.31 13.50 0.71 249.94 0.000000
2944 3.77 13.53 0.72 282.15 0.000000
3072 4.27 13.58 1.01 229.58 0.000000
3200 4.88 13.44 1.10 239.08 0.000000
3328 5.46 13.50 1.26 234.15 0.000000
3456 6.18 13.36 1.14 290.24 0.000000
3584 6.80 13.54 1.66 221.70 0.000000
3712 7.11 14.39 1.50 272.89 0.000000
3840 8.45 13.40 1.78 254.41 0.000000
3968 9.23 13.54 1.74 286.66 0.000000
4096 10.09 13.63 3.27 167.92 0.000000
lightdm stop/waiting
lightdm start/running, process 27889
128 0.00 1.86 0.35 0.05 0.000000
256 0.01 2.56 0.15 0.92 0.000000
384 0.01 8.86 0.28 1.59 0.000000
512 0.01 18.00 0.33 3.22 0.000000
640 0.05 10.49 0.27 7.70 0.000000
768 0.07 12.41 0.20 17.89 0.000000
896 0.13 11.14 0.18 32.64 0.000000
1024 0.16 13.06 0.20 42.16 0.000000
1152 0.25 12.22 0.28 42.96 0.000000
1280 0.32 13.31 0.22 76.03 0.000000
1408 0.42 13.25 0.39 56.87 0.000000
1536 0.56 12.96 0.22 129.80 0.000000
1664 0.70 13.21 0.27 134.71 0.000000
1792 0.88 13.14 0.47 97.70 0.000000
1920 1.07 13.25 0.49 114.45 0.000000
2048 1.30 13.25 0.61 113.19 0.000000
2176 1.17 17.58 0.42 198.07 0.000000
2304 1.84 13.26 0.51 193.22 0.000000
2432 2.15 13.38 0.50 231.17 0.000000
2560 2.49 13.46 0.75 178.60 0.000000
2688 2.88 13.48 0.78 199.43 0.000000
2816 3.32 13.46 0.79 226.08 0.000000
2944 3.79 13.45 0.74 275.49 0.000000
3072 4.34 13.36 1.04 223.77 0.000000
3200 4.84 13.54 1.09 240.17 0.000000
3328 5.45 13.52 1.09 270.74 0.000000
3456 6.20 13.32 1.11 296.42 0.000000
3584 6.86 13.42 1.65 222.71 0.000000
3712 7.53 13.58 1.58 259.17 0.000000
3840 8.36 13.55 1.89 239.19 0.000000
3968 9.26 13.49 1.84 271.48 0.000000
4096 10.49 13.10 3.19 172.36 0.000000
lightdm stop/waiting
lightdm start/running, process 28297
128 0.00 1.86 0.40 0.04 0.000000
256 0.01 4.10 0.14 0.99 0.000000
384 0.02 5.80 0.16 2.86 0.000000
512 0.01 31.98 0.19 5.80 0.000000
640 0.02 32.73 0.31 6.73 0.000000
768 0.07 13.58 0.35 10.49 0.000000
896 0.12 11.90 0.33 17.39 0.000000
1024 0.16 13.35 0.16 54.59 0.000000
1152 0.23 13.17 0.35 35.27 0.000000
1280 0.33 12.84 0.38 44.65 0.000000
1408 0.42 13.25 0.39 57.02 0.000000
1536 0.55 13.11 0.22 133.22 0.000000
1664 0.70 13.24 0.40 92.20 0.000000
1792 0.87 13.21 0.40 116.08 0.000000
1920 1.05 13.44 0.47 119.44 0.000000
2048 1.29 13.30 0.69 99.84 0.000000
2176 1.54 13.41 0.37 223.59 0.000000
2304 1.85 13.22 0.47 209.95 0.000000
2432 2.14 13.41 0.66 174.63 0.000000
2560 2.48 13.52 0.56 239.93 0.000000
2688 2.90 13.40 0.78 198.65 0.000000
2816 3.32 13.45 0.90 198.00 0.000000
2944 3.79 13.46 0.93 219.06 0.000000
3072 4.27 13.58 1.07 217.40 0.000000
3200 4.93 13.29 1.03 254.21 0.000000
3328 5.50 13.41 1.28 229.54 0.000000
3456 6.15 13.42 1.35 243.89 0.000000
3584 6.84 13.46 1.57 234.09 0.000000
3712 7.56 13.54 1.38 296.33 0.000000
3840 8.35 13.57 1.79 253.22 0.000000
3968 9.23 13.54 1.80 277.13 0.000000
4096 10.42 13.19 3.29 167.10 0.000000
lightdm stop/waiting
lightdm start/running, process 28709
128 0.06 0.07 0.35 0.05 0.000000
256 0.01 3.01 0.30 0.45 0.000000
384 0.01 10.09 0.32 1.40 0.000000
512 0.01 31.16 0.21 5.07 0.000000
640 0.05 10.13 0.34 6.23 0.000000
768 0.08 11.97 0.36 9.96 0.000000
896 0.13 11.07 0.22 25.66 0.000000
1024 0.18 11.89 0.35 24.83 0.000000
1152 0.24 12.90 0.36 34.15 0.000000
1280 0.31 13.51 0.21 80.22 0.000000
1408 0.42 13.35 0.24 91.99 0.000000
1536 0.54 13.34 0.41 70.98 0.000000
1664 0.70 13.09 0.28 133.99 0.000000
1792 0.86 13.35 0.46 99.42 0.000000
1920 1.05 13.47 0.49 116.64 0.000000
2048 1.39 12.37 0.65 105.32 0.000000
2176 1.53 13.49 0.56 147.60 0.000000
2304 1.82 13.42 0.65 150.87 0.000000
2432 2.15 13.40 0.67 172.64 0.000000
2560 2.48 13.55 0.75 178.22 0.000000
2688 2.86 13.59 0.78 198.65 0.000000
2816 3.35 13.31 0.90 199.58 0.000000
2944 3.68 13.85 0.93 220.64 0.000000
3072 4.42 13.12 1.13 204.94 0.000000
3200 4.85 13.53 1.10 237.40 0.000000
3328 5.42 13.59 1.30 226.09 0.000000
3456 6.16 13.39 1.15 287.49 0.000000
3584 6.48 14.20 1.63 226.22 0.000000
3712 7.48 13.67 1.63 251.49 0.000000
3840 8.25 13.72 1.71 264.49 0.000000
3968 9.02 13.85 1.87 267.22 0.000000
4096 10.40 13.22 3.26 168.78 0.000000
lightdm stop/waiting
lightdm start/running, process 29126
]0;kiyotaka@ruby: ~/Projects/HyBLAS/src/tmpkiyotaka@ruby:~/Projects/HyBLAS/src/tmp$ exit

スクリプトは 2014年07月27日 13時15分03秒
 に終了しました