スクリプトは 2014年07月27日 13時16分48秒
 に開始しました]0;kiyotaka@ruby: ~/Projects/HyBLAS/src/tmpkiyotaka@ruby:~/Projects/HyBLAS/src/tmp$ for i in 0 1 2 3 4 5 6 7; do ./dgemm; suudo service lightdm restart; done
128 0.02 0.20 0.14 0.28 0.000000
256 0.01 4.60 0.21 1.41 0.000000
384 0.02 5.52 0.34 3.02 0.000000
512 0.01 31.55 0.26 9.21 0.000000
640 0.04 14.36 0.35 13.61 0.000000
768 0.07 13.78 0.35 23.13 0.000000
896 0.11 12.91 0.20 63.50 0.000000
1024 0.18 12.06 0.19 103.19 0.000000
1152 0.25 12.46 0.40 68.83 0.000000
1280 0.34 12.44 0.43 87.30 0.000000
1408 0.43 12.90 0.39 128.86 0.000000
1536 0.56 13.05 0.39 166.47 0.000000
1664 0.70 13.17 0.39 212.07 0.000000
1792 0.99 11.68 0.64 161.88 0.000000
1920 1.05 13.48 0.51 250.17 0.000000
2048 1.23 14.01 1.04 148.23 0.000000
2176 1.53 13.43 0.84 219.54 0.000000
2304 1.80 13.56 0.88 250.38 0.000000
2432 2.13 13.50 1.03 250.31 0.000000
2560 2.47 13.59 1.16 261.36 0.000000
2688 2.86 13.60 1.09 319.79 0.000000
2816 3.29 13.56 1.47 273.82 0.000000
2944 3.78 13.50 1.58 290.64 0.000000
3072 4.35 13.33 2.17 240.64 0.000000
3200 4.84 13.53 1.92 307.64 0.000000
3328 5.43 13.57 2.34 284.09 0.000000
3456 6.02 13.70 2.36 314.45 0.000000
3584 6.84 13.46 3.06 270.60 0.000000
3712 7.53 13.58 2.81 327.90 0.000000
3840 8.38 13.52 3.47 294.14 0.000000
3968 9.21 13.56 3.41 329.31 0.000000
4096 10.41 13.21 6.54 189.13 0.000000
[sudo] password for kiyotaka: 
lightdm stop/waiting
lightdm start/running, process 29699
128 0.02 0.24 0.15 0.24 0.000000
256 0.01 3.76 0.18 1.69 0.000000
384 0.02 6.36 0.34 3.03 0.000000
512 0.03 9.60 0.14 17.36 0.000000
640 0.04 14.53 0.14 33.93 0.000000
768 0.08 11.00 0.15 54.18 0.000000
896 0.11 13.32 0.37 35.04 0.000000
1024 0.17 12.36 0.35 55.69 0.000000
1152 0.23 13.30 0.20 136.96 0.000000
1280 0.32 12.92 0.26 147.84 0.000000
1408 0.44 12.77 0.47 107.51 0.000000
1536 0.56 13.04 0.51 126.87 0.000000
1664 0.70 13.16 0.36 228.51 0.000000
1792 0.88 13.13 0.62 166.15 0.000000
1920 1.07 13.18 0.67 189.38 0.000000
2048 1.32 13.02 1.07 144.09 0.000000
2176 1.55 13.27 0.83 224.70 0.000000
2304 1.83 13.34 0.87 252.31 0.000000
2432 2.14 13.42 1.02 254.37 0.000000
2560 2.49 13.47 1.18 256.25 0.000000
2688 2.91 13.35 1.14 305.80 0.000000
2816 3.47 12.86 1.53 262.09 0.000000
2944 3.81 13.39 1.57 292.09 0.000000
3072 4.37 13.27 2.17 240.52 0.000000
3200 4.90 13.38 1.86 316.34 0.000000
3328 5.12 14.39 2.35 281.81 0.000000
3456 6.16 13.40 2.36 314.98 0.000000
3584 6.53 14.09 2.93 282.40 0.000000
3712 7.59 13.47 2.85 322.63 0.000000
3840 8.43 13.43 3.52 289.21 0.000000
3968 8.82 14.17 3.48 322.72 0.000000
4096 10.31 13.34 6.38 193.73 0.000000
lightdm stop/waiting
lightdm start/running, process 30112
128 0.02 0.26 0.33 0.11 0.000000
256 0.01 3.45 0.32 0.93 0.000000
384 0.01 8.38 0.33 3.07 0.000000
512 0.02 14.08 0.35 6.93 0.000000
640 0.11 4.99 0.33 14.09 0.000000
768 0.07 12.13 0.18 44.27 0.000000
896 0.13 10.97 0.24 54.80 0.000000
1024 0.17 12.68 0.38 51.02 0.000000
1152 0.26 11.71 0.40 68.83 0.000000
1280 0.32 13.04 0.26 143.60 0.000000
1408 0.43 13.07 0.33 153.51 0.000000
1536 0.54 13.31 0.48 135.39 0.000000
1664 0.70 13.20 0.47 175.09 0.000000
1792 0.86 13.34 0.58 178.83 0.000000
1920 1.06 13.37 0.48 265.60 0.000000
2048 1.18 14.61 0.88 175.32 0.000000
2176 1.53 13.44 0.82 225.08 0.000000
2304 1.82 13.43 0.94 233.99 0.000000
2432 2.14 13.46 0.94 276.42 0.000000
2560 2.57 13.06 1.18 255.21 0.000000
2688 2.92 13.31 1.29 271.41 0.000000
2816 3.32 13.47 1.32 304.60 0.000000
2944 3.77 13.55 1.57 292.16 0.000000
3072 4.26 13.61 2.17 241.02 0.000000
3200 5.02 13.05 1.85 319.51 0.000000
3328 5.56 13.26 2.30 288.83 0.000000
3456 6.24 13.23 2.25 330.15 0.000000
3584 6.50 14.15 3.04 272.61 0.000000
3712 7.57 13.51 2.87 320.72 0.000000
3840 8.31 13.62 3.51 290.15 0.000000
3968 8.76 14.27 3.54 317.96 0.000000
4096 10.50 13.09 6.39 193.56 0.000000
lightdm stop/waiting
lightdm start/running, process 30524
128 0.02 0.26 0.15 0.25 0.000000
256 0.01 2.55 0.21 1.46 0.000000
384 0.01 9.15 0.21 4.79 0.000000
512 0.03 7.79 0.37 6.58 0.000000
640 0.04 13.99 0.21 22.64 0.000000
768 0.08 11.07 0.24 34.57 0.000000
896 0.11 12.97 0.34 38.57 0.000000
1024 0.17 12.35 0.38 51.25 0.000000
1152 0.24 12.62 0.40 68.74 0.000000
1280 0.33 12.79 0.37 102.33 0.000000
1408 0.43 12.86 0.35 143.62 0.000000
1536 0.56 13.03 0.51 128.06 0.000000
1664 0.70 13.22 0.57 146.50 0.000000
1792 0.88 13.14 0.47 222.42 0.000000
1920 1.06 13.31 0.61 207.50 0.000000
2048 1.30 13.23 1.07 144.10 0.000000
2176 1.55 13.28 0.73 253.01 0.000000
2304 1.84 13.32 0.80 276.18 0.000000
2432 2.15 13.39 1.02 253.93 0.000000
2560 2.50 13.41 1.16 260.77 0.000000
2688 2.89 13.42 1.28 272.70 0.000000
2816 3.36 13.29 1.35 297.06 0.000000
2944 3.78 13.49 1.59 289.76 0.000000
3072 4.29 13.52 2.17 240.60 0.000000
3200 4.85 13.51 1.73 341.92 0.000000
3328 5.76 12.81 2.19 303.57 0.000000
3456 6.14 13.44 2.41 307.78 0.000000
3584 6.93 13.28 2.96 279.96 0.000000
3712 7.53 13.58 2.98 309.23 0.000000
3840 7.89 14.36 3.28 310.71 0.000000
3968 9.19 13.59 3.43 327.59 0.000000
4096 10.43 13.18 6.57 188.34 0.000000
lightdm stop/waiting
lightdm start/running, process 30935
128 0.00 1.87 0.35 0.11 0.000000
256 0.01 6.37 0.17 1.79 0.000000
384 0.02 7.03 0.17 5.89 0.000000
512 0.02 10.77 0.22 10.98 0.000000
640 0.06 8.22 0.23 20.46 0.000000
768 0.08 12.02 0.35 23.31 0.000000
896 0.12 11.93 0.39 33.14 0.000000
1024 0.17 12.60 0.28 68.09 0.000000
1152 0.25 12.44 0.20 136.51 0.000000
1280 0.33 12.63 0.27 139.48 0.000000
1408 0.43 12.95 0.27 189.39 0.000000
1536 0.38 19.12 0.50 131.47 0.000000
1664 0.71 12.94 0.43 195.05 0.000000
1792 0.87 13.19 0.62 166.21 0.000000
1920 1.08 13.16 0.50 252.72 0.000000
2048 1.31 13.15 0.95 162.30 0.000000
2176 1.55 13.29 0.65 284.07 0.000000
2304 1.85 13.22 0.81 271.20 0.000000
2432 2.15 13.35 1.02 253.10 0.000000
2560 2.50 13.41 1.19 253.87 0.000000
2688 2.92 13.31 1.27 274.44 0.000000
2816 3.35 13.35 1.52 264.78 0.000000
2944 3.85 13.27 1.42 324.16 0.000000
3072 4.32 13.42 2.06 253.71 0.000000
3200 4.90 13.36 1.71 345.35 0.000000
3328 5.46 13.50 2.35 282.10 0.000000
3456 6.07 13.60 2.41 308.81 0.000000
3584 6.88 13.39 3.08 269.23 0.000000
3712 7.63 13.40 2.95 311.79 0.000000
3840 8.46 13.38 3.34 305.33 0.000000
3968 9.29 13.45 3.56 316.25 0.000000
4096 10.51 13.07 6.54 189.06 0.000000
lightdm stop/waiting
lightdm start/running, process 31343
128 0.02 0.27 0.17 0.22 0.000000
256 0.00 14.12 0.27 1.12 0.000000
384 0.01 9.87 0.18 5.62 0.000000
512 0.03 8.75 0.18 13.62 0.000000
640 0.04 12.51 0.18 26.44 0.000000
768 0.08 11.66 0.35 23.23 0.000000
896 0.11 12.84 0.39 33.37 0.000000
1024 0.19 11.17 0.19 102.77 0.000000
1152 0.24 12.64 0.40 68.69 0.000000
1280 0.34 12.25 0.43 87.39 0.000000
1408 0.43 12.90 0.37 136.55 0.000000
1536 0.56 13.00 0.41 159.44 0.000000
1664 0.56 16.57 0.54 154.74 0.000000
1792 0.87 13.18 0.62 166.35 0.000000
1920 1.07 13.28 0.69 183.81 0.000000
2048 1.31 13.16 1.01 153.78 0.000000
2176 1.57 13.15 0.84 219.69 0.000000
2304 1.84 13.31 0.75 295.27 0.000000
2432 2.15 13.39 0.96 268.86 0.000000
2560 2.14 15.64 1.15 263.70 0.000000
2688 2.90 13.41 1.14 305.39 0.000000
2816 3.48 12.83 1.49 270.57 0.000000
2944 3.81 13.41 1.43 321.01 0.000000
3072 4.30 13.47 2.09 250.17 0.000000
3200 4.86 13.49 1.91 308.86 0.000000
3328 5.51 13.39 2.34 283.71 0.000000
3456 6.13 13.46 2.41 307.78 0.000000
3584 6.82 13.50 2.99 277.10 0.000000
3712 7.57 13.51 2.64 348.44 0.000000
3840 8.40 13.49 3.46 294.29 0.000000
3968 9.31 13.42 3.47 324.50 0.000000
4096 10.62 12.94 6.51 189.96 0.000000
lightdm stop/waiting
lightdm start/running, process 31755
128 0.00 1.36 0.24 0.16 0.000000
256 0.01 4.80 0.34 0.89 0.000000
384 0.02 6.55 0.33 3.13 0.000000
512 0.01 38.29 0.35 6.86 0.000000
640 0.01 35.24 0.32 14.94 0.000000
768 0.09 10.41 0.37 22.02 0.000000
896 0.12 11.91 0.31 41.23 0.000000
1024 0.17 12.45 0.31 62.08 0.000000
1152 0.24 12.83 0.40 69.05 0.000000
1280 0.32 13.07 0.43 87.11 0.000000
1408 0.43 12.84 0.27 189.23 0.000000
1536 0.55 13.16 0.52 124.26 0.000000
1664 0.70 13.17 0.55 149.73 0.000000
1792 0.86 13.44 0.63 164.52 0.000000
1920 1.08 13.14 0.56 225.78 0.000000
2048 1.31 13.09 1.00 154.73 0.000000
2176 1.55 13.29 0.84 220.05 0.000000
2304 1.84 13.29 0.95 231.78 0.000000
2432 2.16 13.33 0.97 266.28 0.000000
2560 2.58 13.01 1.16 259.59 0.000000
2688 2.92 13.31 1.29 270.36 0.000000
2816 3.33 13.41 1.30 308.30 0.000000
2944 3.81 13.40 1.58 290.07 0.000000
3072 4.43 13.10 2.16 241.30 0.000000
3200 5.06 12.94 1.83 322.65 0.000000
3328 5.50 13.40 2.31 287.39 0.000000
3456 6.14 13.45 2.39 310.47 0.000000
3584 6.81 13.52 3.06 270.74 0.000000
3712 7.60 13.45 2.96 310.99 0.000000
3840 8.15 13.89 3.51 290.68 0.000000
3968 9.25 13.51 3.42 329.25 0.000000
4096 10.20 13.47 6.47 191.08 0.000000
lightdm stop/waiting
lightdm start/running, process 32170
128 0.00 1.78 0.11 0.34 0.000000
256 0.01 4.73 0.33 0.93 0.000000
384 0.01 11.38 0.34 3.02 0.000000
512 0.02 10.91 0.35 6.92 0.000000
640 0.04 12.46 0.23 20.75 0.000000
768 0.07 12.38 0.36 22.35 0.000000
896 0.11 13.56 0.40 32.34 0.000000
1024 0.17 12.56 0.33 58.32 0.000000
1152 0.23 13.20 0.41 67.74 0.000000
1280 0.31 13.37 0.38 100.31 0.000000
1408 0.43 12.96 0.29 171.92 0.000000
1536 0.55 13.14 0.52 124.27 0.000000
1664 0.71 13.05 0.42 199.48 0.000000
1792 0.87 13.22 0.62 166.45 0.000000
1920 1.06 13.30 0.54 235.47 0.000000
2048 1.29 13.33 0.98 157.00 0.000000
2176 1.54 13.41 0.84 219.76 0.000000
2304 1.84 13.31 0.95 231.38 0.000000
2432 2.15 13.39 0.91 284.41 0.000000
2560 2.51 13.37 1.09 277.16 0.000000
2688 3.01 12.90 1.28 273.07 0.000000
2816 3.32 13.45 1.44 279.28 0.000000
2944 3.81 13.38 1.37 335.22 0.000000
3072 3.96 14.63 2.09 250.28 0.000000
3200 4.86 13.48 1.87 314.94 0.000000
3328 5.44 13.56 2.31 287.36 0.000000
3456 6.10 13.52 2.26 329.21 0.000000
3584 6.82 13.50 3.04 272.88 0.000000
3712 7.64 13.39 2.95 312.60 0.000000
3840 8.36 13.55 3.30 308.43 0.000000
3968 9.24 13.52 3.53 318.78 0.000000
4096 10.48 13.11 6.56 188.48 0.000000
lightdm stop/waiting
lightdm start/running, process 32584
]0;kiyotaka@ruby: ~/Projects/HyBLAS/src/tmpkiyotaka@ruby:~/Projects/HyBLAS/src/tmp$ exit

スクリプトは 2014年07月27日 14時30分29秒
 に終了しました