128 0.06 0.07 4.09 0.00 0.000000
256 0.04 0.83 1.05 0.03 0.000000
384 0.07 1.55 1.05 0.11 0.000000
512 0.14 1.87 1.10 0.24 0.000000
640 0.23 2.26 1.15 0.46 0.000000
768 0.42 2.14 1.23 0.74 0.000000
896 0.68 2.13 1.32 1.09 0.000000
1024 0.97 2.21 1.43 1.50 0.000000
1152 1.38 2.21 1.62 1.88 0.000000
1280 1.82 2.31 1.80 2.32 0.000000
1408 2.36 2.36 2.05 2.73 0.000000
1536 3.13 2.31 2.38 3.05 0.000000
1664 3.95 2.33 2.72 3.39 0.000000
1792 4.84 2.38 3.15 3.66 0.000000
1920 5.93 2.39 3.67 3.86 0.000000
2048 7.21 2.38 4.19 4.10 0.000000
2176 8.72 2.36 4.84 4.26 0.000000
2304 10.21 2.40 5.53 4.43 0.000000
2432 12.15 2.37 6.30 4.57 0.000000
2560 14.18 2.37 7.21 4.65 0.000000
2688 16.36 2.37 8.14 4.77 0.000000
2816 18.62 2.40 9.17 4.87 0.000000
2944 21.39 2.39 10.39 4.91 0.000000
3072 24.36 2.38 11.61 4.99 0.000000
3200 27.43 2.39 13.03 5.03 0.000000
3328 30.86 2.39 14.49 5.09 0.000000
3456 34.41 2.40 16.10 5.13 0.000000
3584 38.39 2.40 17.38 5.30 0.000000
3712 43.65 2.34 19.77 5.17 0.000000
3840 47.46 2.39 21.88 5.18 0.000000
3968 52.00 2.40 23.41 5.34 0.000000
4096 61.03 2.25 23.97 5.73 0.000000
