128 0.05 0.09 2.74 0.00 0.000000
256 0.01 2.43 1.20 0.03 0.000012
384 0.04 2.64 1.13 0.10 0.000023
512 0.08 3.19 1.07 0.25 0.000032
640 0.16 3.36 1.09 0.48 0.000052
768 0.20 4.50 1.06 0.85 0.000065
896 0.29 4.89 1.09 1.31 0.000077
1024 0.43 5.01 1.12 1.92 0.000089
1152 0.56 5.46 1.13 2.70 0.000118
1280 0.76 5.50 1.28 3.28 0.000143
1408 0.99 5.62 1.22 4.57 0.000164
1536 1.30 5.58 1.24 5.84 0.000183
1664 1.58 5.83 1.28 7.19 0.000199
1792 2.05 5.63 1.36 8.44 0.000215
1920 2.49 5.69 1.40 10.10 0.000229
2048 2.99 5.75 1.50 11.47 0.000247
2176 3.54 5.82 1.61 12.82 0.000291
2304 4.18 5.85 1.67 14.65 0.000331
2432 4.93 5.83 1.83 15.70 0.000368
2560 5.72 5.87 1.93 17.36 0.000401
2688 6.59 5.90 2.07 18.76 0.000432
2816 7.59 5.88 2.21 20.24 0.000461
2944 8.73 5.85 2.39 21.37 0.000487
3072 9.87 5.88 2.58 22.44 0.000513
3200 11.03 5.94 2.79 23.52 0.000537
3328 12.45 5.92 2.97 24.86 0.000560
3456 14.02 5.89 3.23 25.59 0.000583
3584 15.57 5.91 3.43 26.82 0.000604
3712 17.25 5.93 3.71 27.54 0.000625
3840 19.05 5.95 4.00 28.33 0.000645
3968 20.92 5.97 4.28 29.16 0.000665
4096 23.17 5.93 4.61 29.85 0.000693
4224 25.39 5.94 4.97 30.34 0.000753
4352 27.59 5.98 5.31 31.05 0.000817
4480 30.26 5.94 5.71 31.48 0.000877
4608 32.83 5.96 6.08 32.20 0.000933
4736 35.57 5.97 6.52 32.56 0.000986
4864 38.56 5.97 6.99 32.93 0.001036
4992 41.59 5.98 7.45 33.41 0.001084
5120 44.94 5.97 8.07 33.27 0.001130
5248 48.35 5.98 8.60 33.62 0.001174
5376 52.07 5.97 9.14 33.99 0.001216
5504 55.77 5.98 9.73 34.27 0.001258
5632 59.67 5.99 10.36 34.49 0.001297
5760 63.77 5.99 10.99 34.79 0.001335
