スクリプトは 2014年07月27日 08時03分48秒
 に開始しました]0;kiyotaka@ruby: ~/Projects/HyBLAS/src/tmpkiyotaka@ruby:~/Projects/HyBLAS/src/tmp$ for i in 0 1 2 3 4 5 6 7; do ./sgemm; s udo service lightdm restart; done
128 0.00 1.20 0.35 0.19 0.000000
256 0.01 4.22 0.26 2.06 0.000012
384 0.01 12.48 0.20 8.93 0.000023
512 0.01 27.47 0.15 28.74 0.000032
640 0.02 25.48 0.28 29.98 0.000052
768 0.06 15.48 0.31 46.36 0.000065
896 0.05 26.48 0.38 60.84 0.000077
1024 0.09 24.77 0.39 87.77 0.000089
1152 0.12 25.27 0.39 124.20 0.000118
1280 0.17 24.27 0.32 208.26 0.000143
1408 0.22 24.90 0.43 208.08 0.000164
1536 0.27 26.41 0.34 342.79 0.000183
1664 0.36 25.52 0.33 453.64 0.000199
1792 0.44 25.98 0.44 418.19 0.000215
1920 0.55 25.57 0.55 414.81 0.000229
2048 0.65 26.25 0.68 405.81 0.000247
2176 0.78 26.49 0.42 779.72 0.000291
2304 0.94 26.06 0.74 529.30 0.000331
2432 1.09 26.49 0.57 812.31 0.000368
2560 1.28 26.25 0.96 562.13 0.000401
2688 1.46 26.62 0.89 695.85 0.000432
2816 1.71 26.07 1.06 675.80 0.000461
2944 1.91 26.76 1.07 763.92 0.000487
3072 2.18 26.60 1.43 648.07 0.000513
3200 2.46 26.67 1.25 837.51 0.000537
3328 2.76 26.70 1.50 786.26 0.000560
3456 2.81 29.35 1.52 869.33 0.000583
3584 3.42 26.89 1.94 760.58 0.000604
3712 3.79 26.96 1.83 892.04 0.000625
3840 4.23 26.76 2.05 885.75 0.000645
3968 4.07 30.71 1.98 1008.99 0.000665
4096 5.24 26.24 4.05 542.39 0.000693
4224 5.80 26.01 2.53 954.41 0.000753
4352 5.54 29.78 2.91 906.49 0.000817
4480 6.70 26.82 2.69 1067.86 0.000877
4608 7.34 26.66 3.67 853.43 0.000933
4736 7.75 27.42 3.31 1027.16 0.000986
4864 8.25 27.91 3.94 934.20 0.001036
4992 9.22 26.98 3.90 1020.74 0.001084
5120 10.01 26.83 5.21 824.93 0.001130
5248 10.83 26.69 4.71 981.74 0.001174
5376 11.49 27.04 5.06 982.18 0.001216
5504 12.32 27.06 5.37 993.67 0.001258
5632 12.76 28.00 7.05 811.17 0.001297
5760 14.14 27.03 6.09 1003.84 0.001335
[sudo] password for kiyotaka: 
lightdm stop/waiting
lightdm start/running, process 6471
128 0.00 1.32 0.37 0.18 0.000000
256 0.01 4.13 0.17 3.12 0.000012
384 0.01 16.39 0.32 5.74 0.000023
512 0.02 15.12 0.20 21.18 0.000032
640 0.02 26.31 0.24 35.16 0.000052
768 0.05 19.38 0.37 39.33 0.000065
896 0.06 23.66 0.20 115.50 0.000077
1024 0.09 23.91 0.39 88.76 0.000089
1152 0.14 22.10 0.39 124.50 0.000118
1280 0.16 26.54 0.28 244.02 0.000143
1408 0.22 25.08 0.42 211.94 0.000164
1536 0.27 26.50 0.44 265.63 0.000183
1664 0.36 25.45 0.51 289.38 0.000199
1792 0.45 25.70 0.53 347.33 0.000215
1920 0.53 26.62 0.34 674.08 0.000229
2048 0.66 26.13 0.58 472.40 0.000247
2176 0.79 26.11 0.64 517.44 0.000291
2304 0.93 26.23 0.73 537.71 0.000331
2432 1.08 26.67 0.58 799.16 0.000368
2560 1.27 26.39 0.79 680.27 0.000401
2688 1.47 26.49 0.91 680.39 0.000432
2816 1.70 26.26 1.04 686.15 0.000461
2944 1.96 26.02 0.88 931.32 0.000487
3072 2.18 26.65 1.37 679.24 0.000513
3200 2.46 26.65 1.28 820.25 0.000537
3328 2.75 26.76 1.50 787.66 0.000560
3456 3.08 26.78 1.55 851.63 0.000583
3584 3.45 26.68 1.87 789.00 0.000604
3712 4.01 25.52 1.83 894.59 0.000625
3840 4.26 26.61 1.99 912.24 0.000645
3968 4.63 26.97 2.16 924.08 0.000665
4096 5.18 26.52 4.05 543.15 0.000693
4224 5.64 26.71 2.45 985.05 0.000753
4352 5.95 27.72 2.91 905.38 0.000817
4480 6.74 26.68 2.87 1001.14 0.000877
4608 7.56 25.88 3.78 828.88 0.000933
4736 7.92 26.83 3.46 981.64 0.000986
4864 8.69 26.49 3.83 961.87 0.001036
4992 9.21 27.00 4.06 980.53 0.001084
5120 9.69 27.71 5.20 825.71 0.001130
5248 10.70 27.01 4.72 980.26 0.001174
5376 11.54 26.94 5.26 944.78 0.001216
5504 12.43 26.84 5.24 1018.70 0.001258
5632 13.56 26.34 6.97 819.70 0.001297
5760 14.14 27.04 6.13 996.84 0.001335
lightdm stop/waiting
lightdm start/running, process 6911
128 0.00 1.39 0.28 0.24 0.000000
256 0.01 3.09 0.37 1.45 0.000012
384 0.01 7.99 0.29 6.17 0.000023
512 0.00 72.04 0.36 11.84 0.000032
640 0.04 14.68 0.17 48.96 0.000052
768 0.05 19.17 0.29 50.57 0.000065
896 0.07 20.85 0.15 158.31 0.000077
1024 0.08 26.54 0.30 115.16 0.000089
1152 0.12 24.55 0.37 130.76 0.000118
1280 0.16 26.07 0.22 311.16 0.000143
1408 0.23 24.36 0.28 317.23 0.000164
1536 0.29 25.21 0.34 336.38 0.000183
1664 0.36 25.46 0.36 413.33 0.000199
1792 0.41 28.13 0.55 334.78 0.000215
1920 0.53 26.89 0.56 403.96 0.000229
2048 0.65 26.32 0.53 521.63 0.000247
2176 0.77 26.74 0.62 534.24 0.000291
2304 0.93 26.17 0.73 535.10 0.000331
2432 1.08 26.59 0.71 644.94 0.000368
2560 1.26 26.68 0.94 569.62 0.000401
2688 1.33 29.18 0.90 691.86 0.000432
2816 1.65 27.08 0.97 739.65 0.000461
2944 1.92 26.64 0.85 955.01 0.000487
3072 2.18 26.55 1.28 722.38 0.000513
3200 2.55 25.73 1.27 828.75 0.000537
3328 2.79 26.46 1.53 773.36 0.000560
3456 3.10 26.64 1.56 846.74 0.000583
3584 3.45 26.72 1.99 739.38 0.000604
3712 3.53 28.99 1.81 904.95 0.000625
3840 4.22 26.81 2.10 862.62 0.000645
3968 4.65 26.87 2.08 962.03 0.000665
4096 5.15 26.67 4.04 543.88 0.000693
4224 5.58 27.02 2.52 957.22 0.000753
4352 6.11 27.00 2.77 952.57 0.000817
4480 6.62 27.15 2.70 1065.87 0.000877
4608 7.24 27.02 3.69 849.08 0.000933
4736 8.09 26.27 3.50 972.59 0.000986
4864 8.47 27.19 3.76 978.30 0.001036
4992 9.20 27.05 4.06 980.67 0.001084
5120 9.97 26.94 5.05 850.98 0.001130
5248 10.86 26.61 4.57 1012.50 0.001174
5376 11.53 26.95 5.23 951.23 0.001216
5504 12.02 27.75 5.21 1023.77 0.001258
5632 13.22 27.03 7.16 798.03 0.001297
5760 14.18 26.96 5.89 1038.50 0.001335
lightdm stop/waiting
lightdm start/running, process 7350
128 0.03 0.17 0.37 0.18 0.000000
256 0.01 4.46 0.40 1.34 0.000012
384 0.01 11.66 0.37 4.85 0.000023
512 0.00 66.94 0.26 16.83 0.000032
640 0.03 16.12 0.27 31.07 0.000052
768 0.04 22.76 0.38 38.64 0.000065
896 0.05 27.06 0.37 62.60 0.000077
1024 0.11 19.82 0.29 116.62 0.000089
1152 0.12 25.22 0.34 142.05 0.000118
1280 0.18 23.20 0.41 163.16 0.000143
1408 0.15 36.50 0.23 395.51 0.000164
1536 0.28 25.46 0.47 244.46 0.000183
1664 0.38 24.34 0.37 402.36 0.000199
1792 0.44 26.15 0.36 505.16 0.000215
1920 0.52 27.17 0.55 410.73 0.000229
2048 0.68 25.17 0.66 415.81 0.000247
2176 0.78 26.39 0.54 613.71 0.000291
2304 0.92 26.63 0.73 539.66 0.000331
2432 1.07 26.96 0.75 614.24 0.000368
2560 1.27 26.51 0.75 719.92 0.000401
2688 1.46 26.56 0.71 872.43 0.000432
2816 1.43 31.32 0.88 810.39 0.000461
2944 1.91 26.70 0.96 847.36 0.000487
3072 2.17 26.69 1.43 649.59 0.000513
3200 2.44 26.87 1.15 915.72 0.000537
3328 2.76 26.68 1.43 826.77 0.000560
3456 3.07 26.90 1.53 864.14 0.000583
3584 3.44 26.75 1.85 794.42 0.000604
3712 3.82 26.75 1.83 896.42 0.000625
3840 4.26 26.56 1.90 956.13 0.000645
3968 4.67 26.73 2.16 925.75 0.000665
4096 5.14 26.74 3.96 555.87 0.000693
4224 5.14 29.31 2.33 1034.05 0.000753
4352 6.19 26.65 2.94 896.51 0.000817
4480 6.66 26.98 2.87 1002.18 0.000877
4608 7.26 26.95 3.79 825.34 0.000933
4736 7.68 27.66 3.47 978.46 0.000986
4864 8.53 26.98 3.80 968.56 0.001036
4992 9.26 26.88 3.87 1029.55 0.001084
5120 10.05 26.72 5.04 852.91 0.001130
5248 10.71 27.00 4.72 979.09 0.001174
5376 11.52 26.97 5.26 944.87 0.001216
5504 12.18 27.38 5.31 1005.74 0.001258
5632 13.26 26.94 6.97 819.60 0.001297
5760 14.11 27.08 6.02 1016.35 0.001335
lightdm stop/waiting
lightdm start/running, process 7783
128 0.00 1.17 0.37 0.18 0.000000
256 0.01 3.94 0.36 1.50 0.000012
384 0.02 7.04 0.36 4.98 0.000023
512 0.03 8.95 0.29 15.00 0.000032
640 0.03 15.90 0.36 23.38 0.000052
768 0.04 25.17 0.31 46.77 0.000065
896 0.06 25.29 0.37 61.43 0.000077
1024 0.11 19.98 0.38 89.37 0.000089
1152 0.12 24.58 0.26 184.83 0.000118
1280 0.18 23.15 0.25 268.76 0.000143
1408 0.24 23.04 0.37 241.12 0.000164
1536 0.28 26.04 0.49 236.82 0.000183
1664 0.36 25.81 0.47 313.64 0.000199
1792 0.44 26.40 0.54 340.87 0.000215
1920 0.53 26.50 0.42 538.60 0.000229
2048 0.66 26.08 0.69 395.98 0.000247
2176 0.78 26.36 0.64 518.82 0.000291
2304 0.95 25.83 0.65 603.14 0.000331
2432 1.08 26.73 0.63 732.32 0.000368
2560 1.27 26.46 0.79 679.73 0.000401
2688 1.48 26.30 0.91 680.70 0.000432
2816 1.66 26.82 1.04 686.90 0.000461
2944 1.92 26.56 0.88 930.10 0.000487
3072 2.17 26.67 1.42 651.98 0.000513
3200 2.46 26.63 1.09 960.75 0.000537
3328 2.77 26.58 1.51 779.35 0.000560
3456 3.08 26.80 1.39 950.72 0.000583
3584 3.44 26.74 2.00 736.94 0.000604
3712 3.83 26.74 1.66 984.27 0.000625
3840 4.22 26.83 1.88 963.82 0.000645
3968 4.64 26.93 1.95 1027.02 0.000665
4096 5.09 27.00 4.04 544.18 0.000693
4224 5.76 26.19 2.46 980.49 0.000753
4352 6.19 26.63 2.81 938.69 0.000817
4480 6.73 26.73 2.89 995.71 0.000877
4608 7.26 26.95 3.67 852.15 0.000933
4736 7.89 26.93 3.38 1006.68 0.000986
4864 8.60 26.76 3.94 933.80 0.001036
4992 9.20 27.05 3.86 1030.94 0.001084
5120 9.97 26.93 5.05 850.32 0.001130
5248 10.70 27.02 4.71 982.13 0.001174
5376 11.55 26.90 5.23 950.60 0.001216
5504 12.49 26.71 5.34 998.85 0.001258
5632 13.39 26.69 7.22 791.72 0.001297
5760 14.18 26.95 5.95 1028.26 0.001335
lightdm stop/waiting
lightdm start/running, process 8224
128 0.00 1.72 0.14 0.48 0.000000
256 0.01 5.90 0.21 2.53 0.000012
384 0.00 28.71 0.37 4.95 0.000023
512 0.02 10.92 0.31 13.94 0.000032
640 0.03 17.82 0.37 22.93 0.000052
768 0.06 14.16 0.36 40.51 0.000065
896 0.07 19.41 0.20 112.88 0.000077
1024 0.08 25.83 0.23 148.41 0.000089
1152 0.13 24.46 0.40 122.37 0.000118
1280 0.17 24.67 0.41 164.17 0.000143
1408 0.21 26.46 0.38 234.37 0.000164
1536 0.28 25.94 0.47 244.71 0.000183
1664 0.24 39.12 0.48 304.39 0.000199
1792 0.45 25.67 0.53 348.97 0.000215
1920 0.55 25.92 0.55 415.02 0.000229
2048 0.66 26.13 0.54 508.04 0.000247
2176 0.79 26.03 0.65 505.63 0.000291
2304 0.93 26.20 0.72 540.08 0.000331
2432 1.08 26.61 0.54 854.67 0.000368
2560 1.26 26.64 0.76 704.62 0.000401
2688 1.48 26.31 0.72 858.55 0.000432
2816 1.67 26.70 0.92 775.91 0.000461
2944 1.92 26.54 0.91 896.20 0.000487
3072 2.23 25.95 1.43 647.18 0.000513
3200 2.46 26.67 1.19 879.63 0.000537
3328 2.76 26.68 1.30 910.75 0.000560
3456 3.07 26.92 1.54 860.48 0.000583
3584 3.42 26.92 2.00 737.04 0.000604
3712 3.82 26.77 1.84 890.72 0.000625
3840 4.20 26.95 1.88 961.62 0.000645
3968 4.62 27.02 2.16 924.64 0.000665
4096 5.15 26.68 4.06 541.57 0.000693
4224 5.61 26.85 2.50 964.16 0.000753
4352 6.17 26.72 2.91 905.43 0.000817
4480 6.78 26.52 2.88 998.61 0.000877
4608 7.32 26.74 3.68 850.45 0.000933
4736 7.62 27.88 3.43 991.73 0.000986
4864 8.17 28.16 3.80 969.08 0.001036
4992 9.25 26.90 3.89 1022.80 0.001084
5120 10.12 26.52 5.19 827.53 0.001130
5248 9.96 29.02 4.68 988.37 0.001174
5376 11.70 26.55 5.07 980.30 0.001216
5504 11.88 28.07 5.23 1020.64 0.001258
5632 13.27 26.93 7.00 816.22 0.001297
5760 14.20 26.91 6.10 1003.28 0.001335
lightdm stop/waiting
lightdm start/running, process 8662
128 0.02 0.24 0.26 0.26 0.000000
256 0.02 1.44 0.27 1.96 0.000012
384 0.02 5.16 0.34 5.33 0.000023
512 0.01 21.74 0.14 30.79 0.000032
640 0.04 14.36 0.35 23.99 0.000052
768 0.04 21.03 0.25 57.56 0.000065
896 0.06 24.68 0.22 102.30 0.000077
1024 0.08 26.33 0.39 87.48 0.000089
1152 0.12 26.48 0.39 124.88 0.000118
1280 0.16 25.83 0.42 158.89 0.000143
1408 0.22 24.91 0.36 250.96 0.000164
1536 0.28 26.20 0.30 389.62 0.000183
1664 0.35 26.59 0.28 535.46 0.000199
1792 0.44 25.99 0.37 496.31 0.000215
1920 0.50 28.39 0.37 605.72 0.000229
2048 0.66 26.20 0.52 527.58 0.000247
2176 0.77 26.61 0.66 503.34 0.000291
2304 0.85 28.86 0.60 653.98 0.000331
2432 1.08 26.55 0.61 758.31 0.000368
2560 1.27 26.52 0.95 564.00 0.000401
2688 1.45 26.71 0.89 696.41 0.000432
2816 1.55 28.76 0.96 746.57 0.000461
2944 1.91 26.67 0.94 870.85 0.000487
3072 2.20 26.33 1.35 688.92 0.000513
3200 2.45 26.73 1.11 944.33 0.000537
3328 2.78 26.54 1.51 780.00 0.000560
3456 3.10 26.62 1.40 944.25 0.000583
3584 3.45 26.67 2.00 737.38 0.000604
3712 3.82 26.78 1.63 1005.64 0.000625
3840 4.22 26.81 2.00 906.13 0.000645
3968 4.63 27.01 1.95 1025.23 0.000665
4096 5.12 26.83 4.04 544.72 0.000693
4224 5.51 27.36 2.36 1020.39 0.000753
4352 6.16 26.77 2.94 896.01 0.000817
4480 6.54 27.51 2.74 1050.29 0.000877
4608 7.27 26.91 3.89 805.67 0.000933
4736 7.89 26.92 3.36 1010.34 0.000986
4864 8.50 27.07 3.84 959.32 0.001036
4992 9.25 26.90 3.92 1015.48 0.001084
5120 9.97 26.93 5.09 844.43 0.001130
5248 10.71 27.00 4.73 977.06 0.001174
5376 11.49 27.04 5.19 958.91 0.001216
5504 12.23 27.26 5.34 998.49 0.001258
5632 12.93 27.63 7.17 797.67 0.001297
5760 14.12 27.07 6.14 995.22 0.001335
lightdm stop/waiting
lightdm start/running, process 9100
128 0.00 1.56 0.37 0.18 0.000000
256 0.01 3.52 0.18 2.99 0.000012
384 0.01 8.46 0.29 6.22 0.000023
512 0.03 9.70 0.37 11.57 0.000032
640 0.03 16.49 0.26 32.27 0.000052
768 0.05 19.55 0.24 61.02 0.000065
896 0.08 19.17 0.36 63.86 0.000077
1024 0.10 22.12 0.29 116.61 0.000089
1152 0.13 24.00 0.18 265.79 0.000118
1280 0.17 24.86 0.42 160.83 0.000143
1408 0.22 25.74 0.36 245.06 0.000164
1536 0.28 25.90 0.28 412.20 0.000183
1664 0.35 26.01 0.51 290.01 0.000199
1792 0.44 26.10 0.34 542.96 0.000215
1920 0.54 26.33 0.54 419.10 0.000229
2048 0.55 31.23 0.64 426.86 0.000247
2176 0.77 26.79 0.44 754.19 0.000291
2304 0.92 26.58 0.73 539.05 0.000331
2432 1.08 26.56 0.66 697.84 0.000368
2560 1.27 26.41 0.95 563.09 0.000401
2688 1.45 26.78 0.89 695.14 0.000432
2816 1.24 35.98 0.88 814.44 0.000461
2944 1.91 26.75 1.07 766.27 0.000487
3072 2.16 26.89 1.43 647.11 0.000513
3200 2.45 26.73 1.06 991.66 0.000537
3328 2.83 26.05 1.51 778.87 0.000560
3456 3.06 26.95 1.44 917.08 0.000583
3584 3.42 26.89 1.92 766.30 0.000604
3712 3.79 26.97 1.69 966.91 0.000625
3840 4.12 27.47 2.08 871.31 0.000645
3968 4.60 27.15 2.16 925.19 0.000665
4096 5.13 26.79 4.06 542.17 0.000693
4224 5.59 26.95 2.36 1021.25 0.000753
4352 6.10 27.05 2.93 901.39 0.000817
4480 6.65 27.04 2.88 998.55 0.000877
4608 7.28 26.89 3.84 814.82 0.000933
4736 7.98 26.63 3.25 1047.37 0.000986
4864 8.32 27.67 3.74 985.63 0.001036
4992 9.32 26.69 4.03 986.61 0.001084
5120 10.00 26.84 5.18 828.99 0.001130
5248 10.71 27.00 4.65 993.65 0.001174
5376 11.42 27.20 5.28 941.70 0.001216
5504 12.38 26.93 5.30 1005.79 0.001258
5632 13.15 27.16 7.12 803.39 0.001297
5760 14.14 27.02 6.05 1010.29 0.001335
lightdm stop/waiting
lightdm start/running, process 9539
]0;kiyotaka@ruby: ~/Projects/HyBLAS/src/tmpkiyotaka@ruby:~/Projects/HyBLAS/src/tmp$ for i in 0 1 2 3 4 5 6 7; do ./sgemm; suudo service lightdm restart; done^C
]0;kiyotaka@ruby: ~/Projects/HyBLAS/src/tmpkiyotaka@ruby:~/Projects/HyBLAS/src/tmp$ exit

スクリプトは 2014年07月27日 08時55分01秒
 に終了しました